<?xml version="1.0" encoding="UTF-8"?>
<!-- Generated by org.testng.reporters.JUnitXMLReporter -->
<testsuite ignored="0" hostname="LAPTOP-GV35JO4N" failures="1" tests="3" name="Error Validations Test" time="17.356" errors="0" timestamp="2025-07-08T07:57:34 IST">
  <testcase classname="mjaacademy.tests.ErrorValidationsTest" name="LoginErrorValidation" time="1.002">
    <skipped/>
  </testcase> <!-- LoginErrorValidation -->
  <testcase classname="mjaacademy.tests.ErrorValidationsTest" name="LoginErrorValidation" time="0.927">
    <failure type="java.lang.AssertionError" message="expected [Incorrect email or password.] but found [Incorrect email and password.]">
      <![CDATA[java.lang.AssertionError: expected [Incorrect email or password.] but found [Incorrect email and password.]
at mjaacademy.tests.ErrorValidationsTest.LoginErrorValidation(ErrorValidationsTest.java:41)
at java.base/java.util.ArrayList.forEach(ArrayList.java:1596)
at java.base/java.util.concurrent.FutureTask.run(FutureTask.java:317)
at java.base/java.util.concurrent.ThreadPoolExecutor.runWorker(ThreadPoolExecutor.java:1144)
at java.base/java.util.concurrent.ThreadPoolExecutor$Worker.run(ThreadPoolExecutor.java:642)
at java.base/java.lang.Thread.run(Thread.java:1583)
... Removed 21 stack frames]]>
    </failure>
  </testcase> <!-- LoginErrorValidation -->
  <testcase classname="mjaacademy.tests.ErrorValidationsTest" name="ProductErrorValidation" time="5.68"/>
</testsuite> <!-- Error Validations Test -->
