<?xml version="1.0" encoding="UTF-8"?>
<!-- Generated by org.testng.reporters.JUnitXMLReporter -->
<testsuite ignored="0" hostname="LAPTOP-GV35JO4N" failures="0" tests="3" name="Submit Order Test" time="22.184" errors="0" timestamp="2025-07-08T07:57:38 IST">
  <testcase classname="mjaacademy.tests.SubmitOrderTest" name="submitOrder" time="5.339"/>
  <testcase classname="mjaacademy.tests.SubmitOrderTest" name="submitOrder" time="4.855"/>
  <testcase classname="mjaacademy.tests.SubmitOrderTest" name="OrderHistoryTest" time="0.68"/>
</testsuite> <!-- Submit Order Test -->
